<?xml version="1.0" encoding="UTF-8"?>
<!-- Generated by org.testng.reporters.JUnitXMLReporter -->
<testsuite ignored="0" hostname="DESKTOP-VFAADS2" failures="1" tests="7" name="Surefire test" time="70.153" errors="0" timestamp="2025-06-13T21:49:32 CEST">
  <testcase classname="MavenProject.testingandlearning.DynamicUIComponentsTest" name="checkTitle" time="2.662"/>
  <testcase classname="MavenProject.testingandlearning.DynamicUIComponentsTest" name="selectOnlyDrillCheckbox" time="0.565"/>
  <testcase classname="MavenProject.testingandlearning.DynamicUIComponentsTest" name="selectDropdownOption" time="0.294"/>
  <testcase classname="MavenProject.testingandlearning.DynamicUIComponentsTest" name="selectDrillAndSetQuantity" time="4.264">
    <failure type="java.lang.AssertionError" message="Quantity did not match expected value of 4. expected [4] but found [1]">
      <![CDATA[java.lang.AssertionError: Quantity did not match expected value of 4. expected [4] but found [1]
at MavenProject.testingandlearning.DynamicUIComponentsTest.selectDrillAndSetQuantity(DynamicUIComponentsTest.java:150)
at java.base/java.util.ArrayList.forEach(ArrayList.java:1511)
... Removed 37 stack frames]]>
    </failure>
  </testcase> <!-- selectDrillAndSetQuantity -->
  <testcase classname="MavenProject.testingandlearning.DynamicUIComponentsTest" name="addToCartAndCheckAlert" time="1.46"/>
  <testcase classname="MavenProject.testingandlearning.DynamicUIComponentsTest" name="verifyCartAndProceedToCheckout" time="10.423"/>
  <testcase classname="MavenProject.testingandlearning.LoginTest" name="checkTitle" time="5.615"/>
</testsuite> <!-- Surefire test -->
