<?xml version="1.0" encoding="UTF-8"?>
<!-- Generated by org.testng.reporters.JUnitXMLReporter -->
<testsuite ignored="0" hostname="DESKTOP-VFAADS2" failures="1" tests="6" name="Run Only DynamicUIComponentsTest - Exclude Known Issues" time="63.64" errors="0" timestamp="2025-06-13T22:53:51 CEST">
  <testcase classname="MavenProject.testingandlearning.DynamicUIComponentsTest" name="checkTitle" time="2.639"/>
  <testcase classname="MavenProject.testingandlearning.DynamicUIComponentsTest" name="selectOnlyDrillCheckbox" time="0.519"/>
  <testcase classname="MavenProject.testingandlearning.DynamicUIComponentsTest" name="selectDropdownOption" time="0.248"/>
  <testcase classname="MavenProject.testingandlearning.DynamicUIComponentsTest" name="selectDrillAndSetQuantity" time="3.952">
    <failure type="java.lang.AssertionError" message="Quantity did not match expected value of 4. expected [4] but found [1]">
      <![CDATA[java.lang.AssertionError: Quantity did not match expected value of 4. expected [4] but found [1]
at MavenProject.testingandlearning.DynamicUIComponentsTest.selectDrillAndSetQuantity(DynamicUIComponentsTest.java:150)
at java.base/java.util.ArrayList.forEach(ArrayList.java:1511)
... Removed 36 stack frames]]>
    </failure>
  </testcase> <!-- selectDrillAndSetQuantity -->
  <testcase classname="MavenProject.testingandlearning.DynamicUIComponentsTest" name="addToCartAndCheckAlert" time="1.414"/>
  <testcase classname="MavenProject.testingandlearning.DynamicUIComponentsTest" name="verifyCartAndProceedToCheckout" time="10.379"/>
</testsuite> <!-- Run Only DynamicUIComponentsTest - Exclude Known Issues -->
