<?xml version="1.0" encoding="UTF-8"?>
<testng-results ignored="0" total="6" passed="5" failed="1" skipped="0">
  <reporter-output>
  </reporter-output>
  <suite started-at="2025-06-13T22:52:47 CEST" name="DynamicUIComponentsTestSuite" finished-at="2025-06-13T22:53:51 CEST" duration-ms="63640">
    <groups>
    </groups>
    <test started-at="2025-06-13T22:52:47 CEST" name="Run Only DynamicUIComponentsTest - Exclude Known Issues" finished-at="2025-06-13T22:53:51 CEST" duration-ms="63640">
      <class name="MavenProject.testingandlearning.DynamicUIComponentsTest">
        <test-method is-config="true" signature="setup()[pri:0, instance:MavenProject.testingandlearning.DynamicUIComponentsTest@50eac852]" started-at="2025-06-13T22:52:47 CEST" name="setup" finished-at="2025-06-13T22:52:56 CEST" duration-ms="8957" status="PASS">
          <reporter-output>
          </reporter-output>
        </test-method> <!-- setup -->
        <test-method signature="checkTitle()[pri:1, instance:MavenProject.testingandlearning.DynamicUIComponentsTest@50eac852]" started-at="2025-06-13T22:52:56 CEST" name="checkTitle" finished-at="2025-06-13T22:52:59 CEST" duration-ms="2639" status="PASS">
          <reporter-output>
          </reporter-output>
        </test-method> <!-- checkTitle -->
        <test-method is-config="true" signature="afterMethod()[pri:0, instance:MavenProject.testingandlearning.DynamicUIComponentsTest@50eac852]" started-at="2025-06-13T22:52:59 CEST" name="afterMethod" finished-at="2025-06-13T22:53:04 CEST" duration-ms="5009" status="PASS">
          <reporter-output>
          </reporter-output>
        </test-method> <!-- afterMethod -->
        <test-method signature="selectOnlyDrillCheckbox()[pri:2, instance:MavenProject.testingandlearning.DynamicUIComponentsTest@50eac852]" started-at="2025-06-13T22:53:04 CEST" name="selectOnlyDrillCheckbox" finished-at="2025-06-13T22:53:04 CEST" duration-ms="519" status="PASS">
          <reporter-output>
          </reporter-output>
        </test-method> <!-- selectOnlyDrillCheckbox -->
        <test-method is-config="true" signature="afterMethod()[pri:0, instance:MavenProject.testingandlearning.DynamicUIComponentsTest@50eac852]" started-at="2025-06-13T22:53:04 CEST" name="afterMethod" finished-at="2025-06-13T22:53:10 CEST" duration-ms="5014" status="PASS">
          <reporter-output>
          </reporter-output>
        </test-method> <!-- afterMethod -->
        <test-method signature="selectDropdownOption()[pri:3, instance:MavenProject.testingandlearning.DynamicUIComponentsTest@50eac852]" started-at="2025-06-13T22:53:10 CEST" name="selectDropdownOption" finished-at="2025-06-13T22:53:10 CEST" duration-ms="248" status="PASS">
          <reporter-output>
          </reporter-output>
        </test-method> <!-- selectDropdownOption -->
        <test-method is-config="true" signature="afterMethod()[pri:0, instance:MavenProject.testingandlearning.DynamicUIComponentsTest@50eac852]" started-at="2025-06-13T22:53:10 CEST" name="afterMethod" finished-at="2025-06-13T22:53:15 CEST" duration-ms="5006" status="PASS">
          <reporter-output>
          </reporter-output>
        </test-method> <!-- afterMethod -->
        <test-method signature="selectDrillAndSetQuantity()[pri:4, instance:MavenProject.testingandlearning.DynamicUIComponentsTest@50eac852]" started-at="2025-06-13T22:53:15 CEST" name="selectDrillAndSetQuantity" finished-at="2025-06-13T22:53:19 CEST" duration-ms="3952" status="FAIL">
          <exception class="java.lang.AssertionError">
            <message>
              <![CDATA[Quantity did not match expected value of 4. expected [4] but found [1]]]>
            </message>
            <full-stacktrace>
              <![CDATA[java.lang.AssertionError: Quantity did not match expected value of 4. expected [4] but found [1]
at org.testng.Assert.fail(Assert.java:110)
at org.testng.Assert.failNotEquals(Assert.java:1413)
at org.testng.Assert.assertEqualsImpl(Assert.java:149)
at org.testng.Assert.assertEquals(Assert.java:131)
at org.testng.Assert.assertEquals(Assert.java:1240)
at MavenProject.testingandlearning.DynamicUIComponentsTest.selectDrillAndSetQuantity(DynamicUIComponentsTest.java:150)
at java.base/jdk.internal.reflect.NativeMethodAccessorImpl.invoke0(Native Method)
at java.base/jdk.internal.reflect.NativeMethodAccessorImpl.invoke(NativeMethodAccessorImpl.java:77)
at java.base/jdk.internal.reflect.DelegatingMethodAccessorImpl.invoke(DelegatingMethodAccessorImpl.java:43)
at java.base/java.lang.reflect.Method.invoke(Method.java:568)
at org.testng.internal.invokers.MethodInvocationHelper.invokeMethod(MethodInvocationHelper.java:139)
at org.testng.internal.invokers.TestInvoker.invokeMethod(TestInvoker.java:677)
at org.testng.internal.invokers.TestInvoker.invokeTestMethod(TestInvoker.java:221)
at org.testng.internal.invokers.MethodRunner.runInSequence(MethodRunner.java:50)
at org.testng.internal.invokers.TestInvoker$MethodInvocationAgent.invoke(TestInvoker.java:969)
at org.testng.internal.invokers.TestInvoker.invokeTestMethods(TestInvoker.java:194)
at org.testng.internal.invokers.TestMethodWorker.invokeTestMethods(TestMethodWorker.java:148)
at org.testng.internal.invokers.TestMethodWorker.run(TestMethodWorker.java:128)
at java.base/java.util.ArrayList.forEach(ArrayList.java:1511)
at org.testng.TestRunner.privateRun(TestRunner.java:829)
at org.testng.TestRunner.run(TestRunner.java:602)
at org.testng.SuiteRunner.runTest(SuiteRunner.java:437)
at org.testng.SuiteRunner.runSequentially(SuiteRunner.java:431)
at org.testng.SuiteRunner.privateRun(SuiteRunner.java:391)
at org.testng.SuiteRunner.run(SuiteRunner.java:330)
at org.testng.SuiteRunnerWorker.runSuite(SuiteRunnerWorker.java:52)
at org.testng.SuiteRunnerWorker.run(SuiteRunnerWorker.java:95)
at org.testng.TestNG.runSuitesSequentially(TestNG.java:1256)
at org.testng.TestNG.runSuitesLocally(TestNG.java:1176)
at org.testng.TestNG.runSuites(TestNG.java:1099)
at org.testng.TestNG.run(TestNG.java:1067)
at org.apache.maven.surefire.testng.TestNGExecutor.run(TestNGExecutor.java:308)
at org.apache.maven.surefire.testng.TestNGXmlTestSuite.execute(TestNGXmlTestSuite.java:71)
at org.apache.maven.surefire.testng.TestNGProvider.invoke(TestNGProvider.java:113)
at org.apache.maven.surefire.booter.ForkedBooter.runSuitesInProcess(ForkedBooter.java:385)
at org.apache.maven.surefire.booter.ForkedBooter.execute(ForkedBooter.java:162)
at org.apache.maven.surefire.booter.ForkedBooter.run(ForkedBooter.java:507)
at org.apache.maven.surefire.booter.ForkedBooter.main(ForkedBooter.java:495)
]]>
            </full-stacktrace>
          </exception> <!-- java.lang.AssertionError -->
          <reporter-output>
          </reporter-output>
        </test-method> <!-- selectDrillAndSetQuantity -->
        <test-method is-config="true" signature="afterMethod()[pri:0, instance:MavenProject.testingandlearning.DynamicUIComponentsTest@50eac852]" started-at="2025-06-13T22:53:19 CEST" name="afterMethod" finished-at="2025-06-13T22:53:24 CEST" duration-ms="5007" status="PASS">
          <reporter-output>
          </reporter-output>
        </test-method> <!-- afterMethod -->
        <test-method signature="addToCartAndCheckAlert()[pri:5, instance:MavenProject.testingandlearning.DynamicUIComponentsTest@50eac852]" started-at="2025-06-13T22:53:24 CEST" name="addToCartAndCheckAlert" finished-at="2025-06-13T22:53:25 CEST" duration-ms="1414" status="PASS">
          <reporter-output>
          </reporter-output>
        </test-method> <!-- addToCartAndCheckAlert -->
        <test-method is-config="true" signature="afterMethod()[pri:0, instance:MavenProject.testingandlearning.DynamicUIComponentsTest@50eac852]" started-at="2025-06-13T22:53:25 CEST" name="afterMethod" finished-at="2025-06-13T22:53:30 CEST" duration-ms="5010" status="PASS">
          <reporter-output>
          </reporter-output>
        </test-method> <!-- afterMethod -->
        <test-method signature="verifyCartAndProceedToCheckout()[pri:6, instance:MavenProject.testingandlearning.DynamicUIComponentsTest@50eac852]" started-at="2025-06-13T22:53:30 CEST" name="verifyCartAndProceedToCheckout" finished-at="2025-06-13T22:53:41 CEST" duration-ms="10379" status="PASS">
          <reporter-output>
          </reporter-output>
        </test-method> <!-- verifyCartAndProceedToCheckout -->
        <test-method is-config="true" signature="afterMethod()[pri:0, instance:MavenProject.testingandlearning.DynamicUIComponentsTest@50eac852]" started-at="2025-06-13T22:53:41 CEST" name="afterMethod" finished-at="2025-06-13T22:53:46 CEST" duration-ms="5012" status="PASS">
          <reporter-output>
          </reporter-output>
        </test-method> <!-- afterMethod -->
        <test-method is-config="true" signature="tearDown()[pri:0, instance:MavenProject.testingandlearning.DynamicUIComponentsTest@50eac852]" started-at="2025-06-13T22:53:46 CEST" name="tearDown" finished-at="2025-06-13T22:53:51 CEST" duration-ms="5364" status="PASS">
          <reporter-output>
          </reporter-output>
        </test-method> <!-- tearDown -->
      </class> <!-- MavenProject.testingandlearning.DynamicUIComponentsTest -->
    </test> <!-- Run Only DynamicUIComponentsTest - Exclude Known Issues -->
  </suite> <!-- DynamicUIComponentsTestSuite -->
</testng-results>
